<?xml version="1.0" encoding="UTF-8"?>
<!-- Generated by org.testng.reporters.JUnitXMLReporter -->
<testsuite ignored="0" hostname="Boobal-PC" failures="0" tests="6" name="Default test" time="53.525" errors="0" timestamp="2022-01-08T20:01:33 IST">
  <testcase classname="TestPack.CompareResult" name="TempCompare" time="9.333"/>
  <testcase classname="TestPack.CompareResult" name="TempCompare" time="7.296"/>
  <testcase classname="TestPack.CompareResult" name="TempCompare" time="7.085"/>
  <testcase classname="TestPack.CompareResult" name="TempCompare" time="7.193"/>
  <testcase classname="TestPack.CompareResult" name="TempCompare" time="7.677"/>
  <testcase classname="TestPack.CompareResult" name="TempCompare" time="7.416"/>
</testsuite> <!-- Default test -->
